{"level":"info","message":"Loading Mongoose functionality","timestamp":"2017-10-13T02:16:33.592Z"}
{"level":"info","message":"Starting application","timestamp":"2017-10-13T02:16:33.638Z"}
{"level":"info","message":"HTTP Server listening on port: 5000 developmentlocalhost:5000","timestamp":"2017-10-13T02:16:33.648Z"}
{"level":"info","message":"Mongoose connected to the database","timestamp":"2017-10-13T02:16:33.674Z"}
{"level":"info","message":"Loading Mongoose functionality","timestamp":"2017-10-13T02:17:01.235Z"}
{"level":"info","message":"Starting application","timestamp":"2017-10-13T02:17:01.279Z"}
{"level":"info","message":"HTTP Server listening on port: 5000 developmentlocalhost:5000","timestamp":"2017-10-13T02:17:01.288Z"}
{"level":"info","message":"Mongoose connected to the database","timestamp":"2017-10-13T02:17:01.305Z"}
{"level":"info","message":"Loading Mongoose functionality","timestamp":"2017-10-13T02:19:06.246Z"}
{"level":"info","message":"Starting application","timestamp":"2017-10-13T02:19:06.292Z"}
{"level":"info","message":"HTTP Server listening on port: 5000 developmentlocalhost:5000","timestamp":"2017-10-13T02:19:06.301Z"}
{"level":"info","message":"Mongoose connected to the database","timestamp":"2017-10-13T02:19:06.321Z"}
{"level":"info","message":"Loading Mongoose functionality","timestamp":"2017-10-13T02:34:39.270Z"}
{"level":"info","message":"Starting application","timestamp":"2017-10-13T02:34:39.330Z"}
{"level":"info","message":"HTTP Server listening on port: 4000 testlocalhost:4000","timestamp":"2017-10-13T02:34:39.397Z"}
{"level":"info","message":"Loading Mongoose functionality","timestamp":"2017-10-13T02:40:35.379Z"}
{"level":"info","message":"Starting application","timestamp":"2017-10-13T02:40:35.422Z"}
{"level":"info","message":"HTTP Server listening on port: 5000 developmentlocalhost:5000","timestamp":"2017-10-13T02:40:35.431Z"}
{"level":"info","message":"Mongoose connected to the database","timestamp":"2017-10-13T02:40:35.450Z"}
{"level":"info","message":"Loading Mongoose functionality","timestamp":"2017-10-13T02:40:45.671Z"}
{"level":"info","message":"Starting application","timestamp":"2017-10-13T02:40:45.713Z"}
{"level":"info","message":"HTTP Server listening on port: 4000 testlocalhost:4000","timestamp":"2017-10-13T02:40:45.757Z"}
{"level":"info","message":"Loading Mongoose functionality","timestamp":"2017-10-13T02:42:34.186Z"}
{"level":"info","message":"Starting application","timestamp":"2017-10-13T02:42:34.230Z"}
{"level":"info","message":"HTTP Server listening on port: 5000 developmentlocalhost:5000","timestamp":"2017-10-13T02:42:34.239Z"}
{"level":"info","message":"Mongoose connected to the database","timestamp":"2017-10-13T02:42:34.257Z"}
{"level":"info","message":"Loading Mongoose functionality","timestamp":"2017-10-13T02:42:42.189Z"}
{"level":"info","message":"Starting application","timestamp":"2017-10-13T02:42:42.233Z"}
{"level":"info","message":"HTTP Server listening on port: 4000 testlocalhost:4000","timestamp":"2017-10-13T02:42:42.278Z"}
{"level":"info","message":"Loading Mongoose functionality","timestamp":"2017-10-13T02:49:34.195Z"}
{"level":"info","message":"Starting application","timestamp":"2017-10-13T02:49:34.239Z"}
{"level":"info","message":"HTTP Server listening on port: 5000 developmentlocalhost:5000","timestamp":"2017-10-13T02:49:34.248Z"}
{"level":"info","message":"Mongoose connected to the database","timestamp":"2017-10-13T02:49:34.269Z"}
{"level":"info","message":"Loading Mongoose functionality","timestamp":"2017-10-13T03:01:06.542Z"}
{"level":"info","message":"Starting application","timestamp":"2017-10-13T03:01:06.587Z"}
{"level":"info","message":"HTTP Server listening on port: 5000 developmentlocalhost:5000","timestamp":"2017-10-13T03:01:06.596Z"}
{"level":"info","message":"Mongoose connected to the database","timestamp":"2017-10-13T03:01:06.613Z"}
