{"level":"info","message":"Loading Mongoose functionality","timestamp":"2017-12-04T22:34:06.940Z"}
{"level":"info","message":"Starting application","timestamp":"2017-12-04T22:34:07.103Z"}
{"level":"info","message":"HTTP Server listening on port: 5000, in development mode","timestamp":"2017-12-04T22:34:07.144Z"}
{"level":"info","message":"Loading Mongoose functionality","timestamp":"2017-12-04T22:34:41.773Z"}
{"level":"info","message":"Starting application","timestamp":"2017-12-04T22:34:41.943Z"}
{"level":"info","message":"HTTP Server listening on port: 5000, in development mode","timestamp":"2017-12-04T22:34:41.952Z"}
{"level":"info","message":"Mongoose connected to the database","timestamp":"2017-12-04T22:34:42.022Z"}
{"level":"info","message":"Loading Mongoose functionality","timestamp":"2017-12-04T22:58:18.867Z"}
{"level":"info","message":"Starting application","timestamp":"2017-12-04T22:58:19.032Z"}
{"level":"info","message":"HTTP Server listening on port: 5000, in development mode","timestamp":"2017-12-04T22:58:19.041Z"}
{"level":"info","message":"Mongoose connected to the database","timestamp":"2017-12-04T22:58:19.061Z"}
{"level":"info","message":"Request from ::1","timestamp":"2017-12-04T23:08:52.892Z"}
{"level":"error","message":"","timestamp":"2017-12-04T23:08:52.934Z"}
{"level":"info","message":"Request from ::1","timestamp":"2017-12-04T23:09:22.166Z"}
{"level":"verbose","message":"Create user","timestamp":"2017-12-04T23:09:22.168Z"}
{"level":"info","message":"Request from ::1","timestamp":"2017-12-04T23:09:27.514Z"}
{"level":"info","message":"Request from ::1","timestamp":"2017-12-04T23:09:27.648Z"}
{"level":"verbose","message":"Get ToDos for a user","timestamp":"2017-12-04T23:09:27.651Z"}
{"level":"info","message":"Request from ::1","timestamp":"2017-12-04T23:09:35.459Z"}
{"level":"info","message":"Request from ::1","timestamp":"2017-12-04T23:09:42.955Z"}
{"level":"info","message":"Request from ::1","timestamp":"2017-12-04T23:09:43.061Z"}
{"level":"verbose","message":"Get ToDos for a user","timestamp":"2017-12-04T23:09:43.062Z"}
{"level":"info","message":"Request from ::1","timestamp":"2017-12-04T23:09:50.973Z"}
{"level":"verbose","message":"Get ToDos for a user","timestamp":"2017-12-04T23:09:50.973Z"}
{"level":"info","message":"Request from ::1","timestamp":"2017-12-04T23:10:08.491Z"}
{"level":"verbose","message":"Get ToDos for a user","timestamp":"2017-12-04T23:10:08.494Z"}
{"level":"info","message":"Request from ::1","timestamp":"2017-12-04T23:10:21.634Z"}
{"level":"info","message":"Request from ::1","timestamp":"2017-12-04T23:10:21.766Z"}
{"level":"verbose","message":"Get ToDos for a user","timestamp":"2017-12-04T23:10:21.766Z"}
{"level":"info","message":"Request from ::1","timestamp":"2017-12-04T23:10:23.586Z"}
{"level":"info","message":"Request from ::1","timestamp":"2017-12-04T23:10:50.718Z"}
{"level":"verbose","message":"Get ToDos for a user","timestamp":"2017-12-04T23:10:50.719Z"}
{"level":"info","message":"Loading Mongoose functionality","timestamp":"2017-12-04T23:13:33.230Z"}
{"level":"info","message":"Starting application","timestamp":"2017-12-04T23:13:33.428Z"}
{"level":"info","message":"HTTP Server listening on port: 5000, in development mode","timestamp":"2017-12-04T23:13:33.439Z"}
{"level":"info","message":"Mongoose connected to the database","timestamp":"2017-12-04T23:13:33.477Z"}
{"level":"info","message":"Loading Mongoose functionality","timestamp":"2017-12-04T23:13:45.979Z"}
{"level":"info","message":"Starting application","timestamp":"2017-12-04T23:13:46.150Z"}
{"level":"info","message":"HTTP Server listening on port: 5000, in development mode","timestamp":"2017-12-04T23:13:46.159Z"}
{"level":"info","message":"Mongoose connected to the database","timestamp":"2017-12-04T23:13:46.195Z"}
{"level":"info","message":"Loading Mongoose functionality","timestamp":"2017-12-04T23:14:41.107Z"}
{"level":"info","message":"Starting application","timestamp":"2017-12-04T23:14:41.285Z"}
{"level":"info","message":"HTTP Server listening on port: 5000, in development mode","timestamp":"2017-12-04T23:14:41.294Z"}
{"level":"info","message":"Mongoose connected to the database","timestamp":"2017-12-04T23:14:41.316Z"}
{"level":"info","message":"Loading Mongoose functionality","timestamp":"2017-12-04T23:15:08.473Z"}
{"level":"info","message":"Starting application","timestamp":"2017-12-04T23:15:08.634Z"}
{"level":"info","message":"HTTP Server listening on port: 5000, in development mode","timestamp":"2017-12-04T23:15:08.642Z"}
{"level":"info","message":"Mongoose connected to the database","timestamp":"2017-12-04T23:15:08.665Z"}
{"level":"info","message":"Request from ::1","timestamp":"2017-12-04T23:16:40.378Z"}
{"level":"info","message":"Request from ::1","timestamp":"2017-12-04T23:17:42.193Z"}
{"level":"verbose","message":"Get ToDos for a user","timestamp":"2017-12-04T23:17:42.194Z"}
{"level":"info","message":"Request from ::1","timestamp":"2017-12-04T23:17:52.965Z"}
{"level":"info","message":"Request from ::1","timestamp":"2017-12-04T23:25:20.508Z"}
{"level":"info","message":"Request from ::1","timestamp":"2017-12-04T23:25:20.648Z"}
{"level":"verbose","message":"Get ToDos for a user","timestamp":"2017-12-04T23:25:20.648Z"}
{"level":"info","message":"Request from ::1","timestamp":"2017-12-04T23:25:22.903Z"}
{"level":"info","message":"Request from ::1","timestamp":"2017-12-04T23:25:40.184Z"}
{"level":"info","message":"Request from ::1","timestamp":"2017-12-04T23:25:40.294Z"}
{"level":"verbose","message":"Get ToDos for a user","timestamp":"2017-12-04T23:25:40.294Z"}
{"level":"info","message":"Request from ::1","timestamp":"2017-12-04T23:26:15.795Z"}
{"level":"verbose","message":"Get ToDos for a user","timestamp":"2017-12-04T23:26:15.795Z"}
{"level":"info","message":"Request from ::1","timestamp":"2017-12-04T23:26:18.946Z"}
{"level":"verbose","message":"Get ToDos for a user","timestamp":"2017-12-04T23:26:18.946Z"}
{"level":"info","message":"Loading Mongoose functionality","timestamp":"2017-12-04T23:41:48.636Z"}
{"level":"info","message":"Starting application","timestamp":"2017-12-04T23:41:48.796Z"}
{"level":"info","message":"HTTP Server listening on port: 5000, in development mode","timestamp":"2017-12-04T23:41:48.805Z"}
{"level":"info","message":"Mongoose connected to the database","timestamp":"2017-12-04T23:41:48.828Z"}
{"level":"info","message":"Request from ::1","timestamp":"2017-12-04T23:42:56.940Z"}
{"level":"info","message":"Request from ::1","timestamp":"2017-12-04T23:42:57.106Z"}
{"level":"verbose","message":"Get ToDos for a user","timestamp":"2017-12-04T23:42:57.107Z"}
{"level":"info","message":"Request from ::1","timestamp":"2017-12-04T23:42:58.488Z"}
{"level":"info","message":"Request from ::1","timestamp":"2017-12-04T23:43:15.332Z"}
{"level":"verbose","message":"Create user","timestamp":"2017-12-04T23:43:15.333Z"}
{"level":"info","message":"Request from ::1","timestamp":"2017-12-04T23:43:22.082Z"}
{"level":"info","message":"Request from ::1","timestamp":"2017-12-04T23:43:22.189Z"}
{"level":"verbose","message":"Get ToDos for a user","timestamp":"2017-12-04T23:43:22.190Z"}
{"level":"info","message":"Request from ::1","timestamp":"2017-12-04T23:44:51.544Z"}
{"level":"info","message":"Request from ::1","timestamp":"2017-12-04T23:44:51.650Z"}
{"level":"verbose","message":"Get ToDos for a user","timestamp":"2017-12-04T23:44:51.650Z"}
{"level":"info","message":"Request from ::1","timestamp":"2017-12-04T23:46:14.578Z"}
{"level":"info","message":"Request from ::1","timestamp":"2017-12-04T23:46:14.688Z"}
{"level":"verbose","message":"Get ToDos for a user","timestamp":"2017-12-04T23:46:14.689Z"}
{"level":"info","message":"Loading Mongoose functionality","timestamp":"2017-12-04T23:50:52.260Z"}
{"level":"info","message":"Starting application","timestamp":"2017-12-04T23:50:52.429Z"}
{"level":"info","message":"HTTP Server listening on port: 5000, in development mode","timestamp":"2017-12-04T23:50:52.442Z"}
{"level":"info","message":"Mongoose connected to the database","timestamp":"2017-12-04T23:50:52.466Z"}
{"level":"info","message":"Request from ::1","timestamp":"2017-12-04T23:51:02.025Z"}
{"level":"error","message":"","timestamp":"2017-12-04T23:51:02.052Z"}
{"level":"info","message":"Request from ::1","timestamp":"2017-12-04T23:51:04.146Z"}
{"level":"error","message":"","timestamp":"2017-12-04T23:51:04.149Z"}
{"level":"info","message":"Request from ::1","timestamp":"2017-12-04T23:51:12.272Z"}
{"level":"verbose","message":"Create user","timestamp":"2017-12-04T23:51:12.279Z"}
{"level":"info","message":"Request from ::1","timestamp":"2017-12-04T23:51:16.935Z"}
{"level":"info","message":"Request from ::1","timestamp":"2017-12-04T23:51:17.044Z"}
{"level":"verbose","message":"Get ToDos for a user","timestamp":"2017-12-04T23:51:17.045Z"}
{"level":"info","message":"Request from ::1","timestamp":"2017-12-04T23:53:23.817Z"}
{"level":"verbose","message":"Create a ToDo","timestamp":"2017-12-04T23:53:23.818Z"}
{"level":"info","message":"Request from ::1","timestamp":"2017-12-04T23:53:23.837Z"}
{"level":"verbose","message":"Upload file for todo 5a25dff3fc8d382714d871c9 and 5a25df70fc8d382714d871c8","timestamp":"2017-12-04T23:53:23.870Z"}
{"level":"info","message":"Request from ::1","timestamp":"2017-12-04T23:53:29.475Z"}
{"level":"verbose","message":"Get ToDos for a user","timestamp":"2017-12-04T23:53:29.475Z"}
{"level":"info","message":"Request from ::1","timestamp":"2017-12-04T23:53:32.429Z"}
{"level":"info","message":"Request from ::1","timestamp":"2017-12-04T23:53:32.468Z"}
{"level":"info","message":"Request from ::1","timestamp":"2017-12-04T23:53:39.623Z"}
{"level":"info","message":"Request from ::1","timestamp":"2017-12-04T23:54:30.395Z"}
{"level":"info","message":"Request from ::1","timestamp":"2017-12-04T23:54:38.100Z"}
{"level":"verbose","message":"Get ToDos for a user","timestamp":"2017-12-04T23:54:38.101Z"}
{"level":"info","message":"Request from ::1","timestamp":"2017-12-04T23:54:49.935Z"}
{"level":"info","message":"Request from ::1","timestamp":"2017-12-04T23:54:50.043Z"}
{"level":"verbose","message":"Get ToDos for a user","timestamp":"2017-12-04T23:54:50.044Z"}
{"level":"info","message":"Request from ::1","timestamp":"2017-12-04T23:57:02.057Z"}
{"level":"verbose","message":"Get ToDos for a user","timestamp":"2017-12-04T23:57:02.057Z"}
{"level":"info","message":"Request from ::1","timestamp":"2017-12-04T23:57:21.396Z"}
{"level":"verbose","message":"Create a ToDo","timestamp":"2017-12-04T23:57:21.397Z"}
{"level":"error","message":"ValidationError: description: Path `description` is required.\n    at MongooseError.ValidationError (C:\\Users\\nnjon\\Desktop\\ClassCode\\ToDO\\server\\node_modules\\mongoose\\lib\\error\\validation.js:28:11)\n    at model.Document.invalidate (C:\\Users\\nnjon\\Desktop\\ClassCode\\ToDO\\server\\node_modules\\mongoose\\lib\\document.js:1636:32)\n    at C:\\Users\\nnjon\\Desktop\\ClassCode\\ToDO\\server\\node_modules\\mongoose\\lib\\document.js:1508:17\n    at validate (C:\\Users\\nnjon\\Desktop\\ClassCode\\ToDO\\server\\node_modules\\mongoose\\lib\\schematype.js:760:7)\n    at C:\\Users\\nnjon\\Desktop\\ClassCode\\ToDO\\server\\node_modules\\mongoose\\lib\\schematype.js:805:11\n    at Array.forEach (native)\n    at SchemaString.SchemaType.doValidate (C:\\Users\\nnjon\\Desktop\\ClassCode\\ToDO\\server\\node_modules\\mongoose\\lib\\schematype.js:765:19)\n    at C:\\Users\\nnjon\\Desktop\\ClassCode\\ToDO\\server\\node_modules\\mongoose\\lib\\document.js:1506:9\n    at _combinedTickCallback (internal/process/next_tick.js:73:7)\n    at process._tickCallback (internal/process/next_tick.js:104:9)\nFrom previous event:\n    at model.wrappedPointCut [as save] (C:\\Users\\nnjon\\Desktop\\ClassCode\\ToDO\\server\\node_modules\\mongoose\\lib\\services\\model\\applyHooks.js:131:23)\n    at C:\\Users\\nnjon\\Desktop\\ClassCode\\ToDO\\server\\app\\controllers\\todos.js:72:13\n    at Layer.handle [as handle_request] (C:\\Users\\nnjon\\Desktop\\ClassCode\\ToDO\\server\\node_modules\\express\\lib\\router\\layer.js:95:5)\n    at next (C:\\Users\\nnjon\\Desktop\\ClassCode\\ToDO\\server\\node_modules\\express\\lib\\router\\route.js:137:13)\n    at Route.dispatch (C:\\Users\\nnjon\\Desktop\\ClassCode\\ToDO\\server\\node_modules\\express\\lib\\router\\route.js:112:3)\n    at Layer.handle [as handle_request] (C:\\Users\\nnjon\\Desktop\\ClassCode\\ToDO\\server\\node_modules\\express\\lib\\router\\layer.js:95:5)\n    at C:\\Users\\nnjon\\Desktop\\ClassCode\\ToDO\\server\\node_modules\\express\\lib\\router\\index.js:281:22\n    at Function.process_params (C:\\Users\\nnjon\\Desktop\\ClassCode\\ToDO\\server\\node_modules\\express\\lib\\router\\index.js:335:12)\n    at next (C:\\Users\\nnjon\\Desktop\\ClassCode\\ToDO\\server\\node_modules\\express\\lib\\router\\index.js:275:10)\n    at Function.handle (C:\\Users\\nnjon\\Desktop\\ClassCode\\ToDO\\server\\node_modules\\express\\lib\\router\\index.js:174:3)\n    at router (C:\\Users\\nnjon\\Desktop\\ClassCode\\ToDO\\server\\node_modules\\express\\lib\\router\\index.js:47:12)\n    at Layer.handle [as handle_request] (C:\\Users\\nnjon\\Desktop\\ClassCode\\ToDO\\server\\node_modules\\express\\lib\\router\\layer.js:95:5)\n    at trim_prefix (C:\\Users\\nnjon\\Desktop\\ClassCode\\ToDO\\server\\node_modules\\express\\lib\\router\\index.js:317:13)\n    at C:\\Users\\nnjon\\Desktop\\ClassCode\\ToDO\\server\\node_modules\\express\\lib\\router\\index.js:284:7\n    at Function.process_params (C:\\Users\\nnjon\\Desktop\\ClassCode\\ToDO\\server\\node_modules\\express\\lib\\router\\index.js:335:12)\n    at next (C:\\Users\\nnjon\\Desktop\\ClassCode\\ToDO\\server\\node_modules\\express\\lib\\router\\index.js:275:10)\n    at urlencodedParser (C:\\Users\\nnjon\\Desktop\\ClassCode\\ToDO\\server\\node_modules\\body-parser\\lib\\types\\urlencoded.js:82:7)\n    at Layer.handle [as handle_request] (C:\\Users\\nnjon\\Desktop\\ClassCode\\ToDO\\server\\node_modules\\express\\lib\\router\\layer.js:95:5)\n    at trim_prefix (C:\\Users\\nnjon\\Desktop\\ClassCode\\ToDO\\server\\node_modules\\express\\lib\\router\\index.js:317:13)","timestamp":"2017-12-04T23:57:21.404Z"}
{"level":"info","message":"Request from ::1","timestamp":"2017-12-04T23:57:21.419Z"}
{"level":"verbose","message":"Upload file for todo undefined and 5a25df70fc8d382714d871c8","timestamp":"2017-12-04T23:57:21.424Z"}
{"level":"error","message":"CastError: Cast to ObjectId failed for value \"undefined\" at path \"_id\" for model \"todos\"\n    at MongooseError.CastError (C:\\Users\\nnjon\\Desktop\\ClassCode\\ToDO\\server\\node_modules\\mongoose\\lib\\error\\cast.js:27:11)\n    at ObjectId.cast (C:\\Users\\nnjon\\Desktop\\ClassCode\\ToDO\\server\\node_modules\\mongoose\\lib\\schema\\objectid.js:158:13)\n    at ObjectId.SchemaType._castForQuery (C:\\Users\\nnjon\\Desktop\\ClassCode\\ToDO\\server\\node_modules\\mongoose\\lib\\schematype.js:1064:15)\n    at ObjectId.castForQuery (C:\\Users\\nnjon\\Desktop\\ClassCode\\ToDO\\server\\node_modules\\mongoose\\lib\\schema\\objectid.js:198:15)\n    at ObjectId.SchemaType.castForQueryWrapper (C:\\Users\\nnjon\\Desktop\\ClassCode\\ToDO\\server\\node_modules\\mongoose\\lib\\schematype.js:1021:15)\n    at cast (C:\\Users\\nnjon\\Desktop\\ClassCode\\ToDO\\server\\node_modules\\mongoose\\lib\\cast.js:269:32)\n    at Query.cast (C:\\Users\\nnjon\\Desktop\\ClassCode\\ToDO\\server\\node_modules\\mongoose\\lib\\query.js:3204:12)\n    at Query._castConditions (C:\\Users\\nnjon\\Desktop\\ClassCode\\ToDO\\server\\node_modules\\mongoose\\lib\\query.js:1203:10)\n    at Query._findOne (C:\\Users\\nnjon\\Desktop\\ClassCode\\ToDO\\server\\node_modules\\mongoose\\lib\\query.js:1410:8)\n    at C:\\Users\\nnjon\\Desktop\\ClassCode\\ToDO\\server\\node_modules\\kareem\\index.js:250:8\n    at C:\\Users\\nnjon\\Desktop\\ClassCode\\ToDO\\server\\node_modules\\kareem\\index.js:23:7\n    at _combinedTickCallback (internal/process/next_tick.js:73:7)\n    at process._tickCallback (internal/process/next_tick.js:104:9)","timestamp":"2017-12-04T23:57:21.432Z"}
{"level":"info","message":"Request from ::1","timestamp":"2017-12-04T23:57:28.077Z"}
{"level":"verbose","message":"Get ToDos for a user","timestamp":"2017-12-04T23:57:28.078Z"}
{"level":"info","message":"Request from ::1","timestamp":"2017-12-04T23:57:29.689Z"}
{"level":"verbose","message":"Get ToDos for a user","timestamp":"2017-12-04T23:57:29.690Z"}
{"level":"info","message":"Request from ::1","timestamp":"2017-12-04T23:57:48.643Z"}
{"level":"verbose","message":"Create a ToDo","timestamp":"2017-12-04T23:57:48.643Z"}
{"level":"info","message":"Request from ::1","timestamp":"2017-12-04T23:57:48.659Z"}
{"level":"verbose","message":"Upload file for todo 5a25e0fcfc8d382714d871cb and 5a25df70fc8d382714d871c8","timestamp":"2017-12-04T23:57:48.688Z"}
{"level":"info","message":"Request from ::1","timestamp":"2017-12-04T23:57:51.844Z"}
{"level":"verbose","message":"Get ToDos for a user","timestamp":"2017-12-04T23:57:51.844Z"}
{"level":"info","message":"Request from ::1","timestamp":"2017-12-04T23:57:53.180Z"}
{"level":"verbose","message":"Get ToDos for a user","timestamp":"2017-12-04T23:57:53.180Z"}
{"level":"info","message":"Request from ::1","timestamp":"2017-12-04T23:57:54.404Z"}
{"level":"info","message":"Loading Mongoose functionality","timestamp":"2017-12-04T23:59:24.310Z"}
{"level":"info","message":"Starting application","timestamp":"2017-12-04T23:59:24.492Z"}
{"level":"info","message":"HTTP Server listening on port: 5000, in development mode","timestamp":"2017-12-04T23:59:24.502Z"}
{"level":"info","message":"Mongoose connected to the database","timestamp":"2017-12-04T23:59:24.528Z"}
{"level":"info","message":"Request from ::1","timestamp":"2017-12-04T23:59:53.050Z"}
{"level":"info","message":"Request from ::1","timestamp":"2017-12-04T23:59:53.207Z"}
{"level":"verbose","message":"Get ToDos for a user","timestamp":"2017-12-04T23:59:53.208Z"}
