{"level":"info","message":"Starting application","timestamp":"2017-10-03T00:02:43.311Z"}
{"level":"info","message":"HTTP Server listening on port: 5000 developmentlocalhost:5000","timestamp":"2017-10-03T00:02:43.332Z"}
{"level":"verbose","message":"Get all users","timestamp":"2017-10-03T00:05:04.930Z"}
{"level":"info","message":"Starting application","timestamp":"2017-10-03T00:09:13.036Z"}
{"level":"info","message":"HTTP Server listening on port: 5000 developmentlocalhost:5000","timestamp":"2017-10-03T00:09:13.047Z"}
{"level":"verbose","message":"Create User","timestamp":"2017-10-03T00:12:09.730Z"}
{"level":"info","message":"Starting application","timestamp":"2017-10-03T00:14:08.478Z"}
{"level":"info","message":"HTTP Server listening on port: 5000 developmentlocalhost:5000","timestamp":"2017-10-03T00:14:08.490Z"}
{"level":"info","message":"Starting application","timestamp":"2017-10-03T00:17:19.233Z"}
{"level":"info","message":"HTTP Server listening on port: 5000 developmentlocalhost:5000","timestamp":"2017-10-03T00:17:19.245Z"}
{"level":"info","message":"Starting application","timestamp":"2017-10-03T00:17:42.314Z"}
{"level":"info","message":"HTTP Server listening on port: 5000 developmentlocalhost:5000","timestamp":"2017-10-03T00:17:42.327Z"}
{"level":"info","message":"Starting application","timestamp":"2017-10-03T00:18:14.423Z"}
{"level":"info","message":"HTTP Server listening on port: 5000 developmentlocalhost:5000","timestamp":"2017-10-03T00:18:14.434Z"}
{"level":"info","message":"Starting application","timestamp":"2017-10-03T00:18:23.231Z"}
{"level":"info","message":"HTTP Server listening on port: 5000 developmentlocalhost:5000","timestamp":"2017-10-03T00:18:23.242Z"}
{"level":"info","message":"Starting application","timestamp":"2017-10-03T00:19:16.206Z"}
{"level":"info","message":"HTTP Server listening on port: 5000 developmentlocalhost:5000","timestamp":"2017-10-03T00:19:16.217Z"}
{"level":"info","message":"Starting application","timestamp":"2017-10-03T00:26:20.682Z"}
{"level":"info","message":"HTTP Server listening on port: 5000 developmentlocalhost:5000","timestamp":"2017-10-03T00:26:20.693Z"}
{"level":"info","message":"Starting application","timestamp":"2017-10-03T00:27:19.371Z"}
{"level":"info","message":"HTTP Server listening on port: 5000 developmentlocalhost:5000","timestamp":"2017-10-03T00:27:19.382Z"}
{"level":"info","message":"Starting application","timestamp":"2017-10-03T00:28:41.391Z"}
{"level":"info","message":"HTTP Server listening on port: 5000 developmentlocalhost:5000","timestamp":"2017-10-03T00:28:41.405Z"}
{"level":"info","message":"Starting application","timestamp":"2017-10-03T00:30:29.430Z"}
{"level":"info","message":"HTTP Server listening on port: 5000 developmentlocalhost:5000","timestamp":"2017-10-03T00:30:29.446Z"}
{"level":"info","message":"Starting application","timestamp":"2017-10-03T00:30:38.325Z"}
{"level":"info","message":"HTTP Server listening on port: 5000 developmentlocalhost:5000","timestamp":"2017-10-03T00:30:38.337Z"}
{"level":"info","message":"Starting application","timestamp":"2017-10-03T00:31:41.498Z"}
{"level":"info","message":"HTTP Server listening on port: 5000 developmentlocalhost:5000","timestamp":"2017-10-03T00:31:41.510Z"}
{"level":"info","message":"Starting application","timestamp":"2017-10-03T00:32:31.886Z"}
{"level":"info","message":"HTTP Server listening on port: 5000 developmentlocalhost:5000","timestamp":"2017-10-03T00:32:31.897Z"}
{"level":"info","message":"Starting application","timestamp":"2017-10-03T00:33:37.999Z"}
{"level":"info","message":"HTTP Server listening on port: 5000 developmentlocalhost:5000","timestamp":"2017-10-03T00:33:38.010Z"}
{"level":"info","message":"Starting application","timestamp":"2017-10-03T00:42:38.939Z"}
{"level":"info","message":"HTTP Server listening on port: 4000 testlocalhost:4000","timestamp":"2017-10-03T00:42:39.010Z"}
{"level":"info","message":"Starting application","timestamp":"2017-10-03T15:17:41.188Z"}
{"level":"info","message":"HTTP Server listening on port: 4000 testlocalhost:4000","timestamp":"2017-10-03T15:17:41.281Z"}
{"level":"info","message":"Starting application","timestamp":"2017-10-03T15:18:05.403Z"}
{"level":"info","message":"HTTP Server listening on port: 5000 developmentlocalhost:5000","timestamp":"2017-10-03T15:18:05.415Z"}
{"level":"info","message":"Starting application","timestamp":"2017-10-03T15:18:38.449Z"}
{"level":"info","message":"HTTP Server listening on port: 5000 developmentlocalhost:5000","timestamp":"2017-10-03T15:18:38.460Z"}
{"level":"info","message":"Starting application","timestamp":"2017-10-03T15:18:55.868Z"}
{"level":"info","message":"HTTP Server listening on port: 5000 developmentlocalhost:5000","timestamp":"2017-10-03T15:18:55.882Z"}
{"level":"info","message":"Starting application","timestamp":"2017-10-03T15:19:08.371Z"}
{"level":"info","message":"HTTP Server listening on port: 5000 developmentlocalhost:5000","timestamp":"2017-10-03T15:19:08.383Z"}
{"level":"info","message":"Starting application","timestamp":"2017-10-03T15:19:30.676Z"}
{"level":"info","message":"HTTP Server listening on port: 5000 developmentlocalhost:5000","timestamp":"2017-10-03T15:19:30.687Z"}
{"level":"info","message":"Request from ::1","timestamp":"2017-10-03T18:21:56.788Z"}
{"level":"info","message":"Request from ::1","timestamp":"2017-10-03T18:22:43.320Z"}
{"level":"info","message":"Request from ::1","timestamp":"2017-10-03T18:22:49.153Z"}
{"level":"verbose","message":"Create User","timestamp":"2017-10-03T18:22:49.155Z"}
{"level":"info","message":"Request from ::1","timestamp":"2017-10-03T18:22:55.046Z"}
{"level":"info","message":"Request from ::1","timestamp":"2017-10-03T18:23:00.865Z"}
{"level":"info","message":"Request from ::1","timestamp":"2017-10-03T18:23:53.751Z"}
{"level":"info","message":"Request from ::1","timestamp":"2017-10-03T18:23:57.045Z"}
{"level":"info","message":"Request from ::1","timestamp":"2017-10-03T18:24:00.717Z"}
{"level":"info","message":"Request from ::1","timestamp":"2017-10-03T18:24:25.439Z"}
{"level":"info","message":"Starting application","timestamp":"2017-10-03T18:34:37.222Z"}
{"level":"info","message":"HTTP Server listening on port: 5000 developmentlocalhost:5000","timestamp":"2017-10-03T18:34:37.239Z"}
